Parms:
H=0.4
K=0
L=1.07
T=0.32
W=0.55
bodyName=Body
colorBody=(1.0, 1.0, 1.0)
colorPin1Mark=(0.10000000000000001, 0.10000000000000001, 0.10000000000000001)
colorPins=(0.80000000000000004, 0.80000000000000004, 0.75)
compType=chipResistor
docName=Resistor_chip_0402_Panasonic_TRT
iniFileName=Resistor_chip_0402_Panasonic.ini
logFilePathNameExt=C:/projects/altium-designer-addons/trunk/SPI_Footprint_and_Vault_Scripts/Mechanical_scripts/mechanical/3D-models/SPI_Created/FreeCAD/Resistor_chip/Resistor_chip_0402_Panasonic.log
moldName=Mold
newModelName=Resistor_chip_0402_Panasonic
newModelPath=C:/projects/altium-designer-addons/trunk/SPI_Footprint_and_Vault_Scripts/Mechanical_scripts/mechanical/3D-models/SPI_Created/FreeCAD/Resistor_chip/
newModelPathNameExt=C:/projects/altium-designer-addons/trunk/SPI_Footprint_and_Vault_Scripts/Mechanical_scripts/mechanical/3D-models/SPI_Created/FreeCAD/Resistor_chip/Resistor_chip_0402_Panasonic.FCStd
newStepPathNameExt=C:/projects/altium-designer-addons/trunk/SPI_Footprint_and_Vault_Scripts/Mechanical_scripts/mechanical/3D-models/SPI_Created/FreeCAD/Resistor_chip/Resistor_chip_0402_Panasonic_TRT.step
pin1MarkName=Mold
pin1Name=Pin1
pin2Name=Pin2
pinName=Pin
stepExt=.step
stepSuffix=_TRT
suffix=_SvnRev_
termThickness=0.05

Pin1:
Color (0.80000000000000004, 0.80000000000000004, 0.75)
Vector (-0.215, -0.275, 0)
Vector (-0.215, -0.275, 0)
Vector (-0.215, -0.275, 0)
Vector (-0.215, -0.275, 0.05)
Vector (-0.215, -0.275, 0.05)
Vector (-0.215, -0.275, 0.05)
Vector (-0.215, -0.275, 0.35)
Vector (-0.215, -0.275, 0.35)
Vector (-0.215, -0.275, 0.35)
Vector (-0.215, -0.275, 0.4)
Vector (-0.215, -0.275, 0.4)
Vector (-0.215, -0.275, 0.4)
Vector (-0.215, 0.275, 0)
Vector (-0.215, 0.275, 0)
Vector (-0.215, 0.275, 0)
Vector (-0.215, 0.275, 0.05)
Vector (-0.215, 0.275, 0.05)
Vector (-0.215, 0.275, 0.05)
Vector (-0.215, 0.275, 0.35)
Vector (-0.215, 0.275, 0.35)
Vector (-0.215, 0.275, 0.35)
Vector (-0.215, 0.275, 0.4)
Vector (-0.215, 0.275, 0.4)
Vector (-0.215, 0.275, 0.4)
Vector (-0.485, -0.275, -6.93889e-018)
Vector (-0.485, -0.275, -6.93889e-018)
Vector (-0.485, -0.275, -6.93889e-018)
Vector (-0.485, -0.275, 0.05)
Vector (-0.485, -0.275, 0.05)
Vector (-0.485, -0.275, 0.05)
Vector (-0.485, -0.275, 0.35)
Vector (-0.485, -0.275, 0.35)
Vector (-0.485, -0.275, 0.35)
Vector (-0.485, -0.275, 0.4)
Vector (-0.485, -0.275, 0.4)
Vector (-0.485, -0.275, 0.4)
Vector (-0.485, 0.275, -6.93889e-018)
Vector (-0.485, 0.275, -6.93889e-018)
Vector (-0.485, 0.275, -6.93889e-018)
Vector (-0.485, 0.275, 0.05)
Vector (-0.485, 0.275, 0.05)
Vector (-0.485, 0.275, 0.05)
Vector (-0.485, 0.275, 0.35)
Vector (-0.485, 0.275, 0.35)
Vector (-0.485, 0.275, 0.35)
Vector (-0.485, 0.275, 0.4)
Vector (-0.485, 0.275, 0.4)
Vector (-0.485, 0.275, 0.4)
Vector (-0.535, -0.275, 0.05)
Vector (-0.535, -0.275, 0.05)
Vector (-0.535, -0.275, 0.05)
Vector (-0.535, -0.275, 0.35)
Vector (-0.535, -0.275, 0.35)
Vector (-0.535, -0.275, 0.35)
Vector (-0.535, 0.275, 0.05)
Vector (-0.535, 0.275, 0.05)
Vector (-0.535, 0.275, 0.05)
Vector (-0.535, 0.275, 0.35)
Vector (-0.535, 0.275, 0.35)
Vector (-0.535, 0.275, 0.35)

Pin2:
Color (0.80000000000000004, 0.80000000000000004, 0.75)
Vector (0.215, -0.275, 0)
Vector (0.215, -0.275, 0)
Vector (0.215, -0.275, 0)
Vector (0.215, -0.275, 0.05)
Vector (0.215, -0.275, 0.05)
Vector (0.215, -0.275, 0.05)
Vector (0.215, -0.275, 0.35)
Vector (0.215, -0.275, 0.35)
Vector (0.215, -0.275, 0.35)
Vector (0.215, -0.275, 0.4)
Vector (0.215, -0.275, 0.4)
Vector (0.215, -0.275, 0.4)
Vector (0.215, 0.275, 0)
Vector (0.215, 0.275, 0)
Vector (0.215, 0.275, 0)
Vector (0.215, 0.275, 0.05)
Vector (0.215, 0.275, 0.05)
Vector (0.215, 0.275, 0.05)
Vector (0.215, 0.275, 0.35)
Vector (0.215, 0.275, 0.35)
Vector (0.215, 0.275, 0.35)
Vector (0.215, 0.275, 0.4)
Vector (0.215, 0.275, 0.4)
Vector (0.215, 0.275, 0.4)
Vector (0.485, -0.275, -6.93889e-018)
Vector (0.485, -0.275, -6.93889e-018)
Vector (0.485, -0.275, -6.93889e-018)
Vector (0.485, -0.275, 0.05)
Vector (0.485, -0.275, 0.05)
Vector (0.485, -0.275, 0.05)
Vector (0.485, -0.275, 0.35)
Vector (0.485, -0.275, 0.35)
Vector (0.485, -0.275, 0.35)
Vector (0.485, -0.275, 0.4)
Vector (0.485, -0.275, 0.4)
Vector (0.485, -0.275, 0.4)
Vector (0.485, 0.275, -6.93889e-018)
Vector (0.485, 0.275, -6.93889e-018)
Vector (0.485, 0.275, -6.93889e-018)
Vector (0.485, 0.275, 0.05)
Vector (0.485, 0.275, 0.05)
Vector (0.485, 0.275, 0.05)
Vector (0.485, 0.275, 0.35)
Vector (0.485, 0.275, 0.35)
Vector (0.485, 0.275, 0.35)
Vector (0.485, 0.275, 0.4)
Vector (0.485, 0.275, 0.4)
Vector (0.485, 0.275, 0.4)
Vector (0.535, -0.275, 0.05)
Vector (0.535, -0.275, 0.05)
Vector (0.535, -0.275, 0.05)
Vector (0.535, -0.275, 0.35)
Vector (0.535, -0.275, 0.35)
Vector (0.535, -0.275, 0.35)
Vector (0.535, 0.275, 0.05)
Vector (0.535, 0.275, 0.05)
Vector (0.535, 0.275, 0.05)
Vector (0.535, 0.275, 0.35)
Vector (0.535, 0.275, 0.35)
Vector (0.535, 0.275, 0.35)

Body:
Color (1.0, 1.0, 1.0)
Vector (-0.485, -0.275, 0.05)
Vector (-0.485, -0.275, 0.05)
Vector (-0.485, -0.275, 0.05)
Vector (-0.485, -0.275, 0.35)
Vector (-0.485, -0.275, 0.35)
Vector (-0.485, -0.275, 0.35)
Vector (-0.485, 0.275, 0.05)
Vector (-0.485, 0.275, 0.05)
Vector (-0.485, 0.275, 0.05)
Vector (-0.485, 0.275, 0.35)
Vector (-0.485, 0.275, 0.35)
Vector (-0.485, 0.275, 0.35)
Vector (0.485, -0.275, 0.05)
Vector (0.485, -0.275, 0.05)
Vector (0.485, -0.275, 0.05)
Vector (0.485, -0.275, 0.35)
Vector (0.485, -0.275, 0.35)
Vector (0.485, -0.275, 0.35)
Vector (0.485, 0.275, 0.05)
Vector (0.485, 0.275, 0.05)
Vector (0.485, 0.275, 0.05)
Vector (0.485, 0.275, 0.35)
Vector (0.485, 0.275, 0.35)
Vector (0.485, 0.275, 0.35)

Mold:
Color (0.10000000000000001, 0.10000000000000001, 0.10000000000000001)
Vector (-0.215, -0.275, 0.35)
Vector (-0.215, -0.275, 0.35)
Vector (-0.215, -0.275, 0.35)
Vector (-0.215, -0.275, 0.4)
Vector (-0.215, -0.275, 0.4)
Vector (-0.215, -0.275, 0.4)
Vector (-0.215, 0.275, 0.35)
Vector (-0.215, 0.275, 0.35)
Vector (-0.215, 0.275, 0.35)
Vector (-0.215, 0.275, 0.4)
Vector (-0.215, 0.275, 0.4)
Vector (-0.215, 0.275, 0.4)
Vector (0.215, -0.275, 0.35)
Vector (0.215, -0.275, 0.35)
Vector (0.215, -0.275, 0.35)
Vector (0.215, -0.275, 0.4)
Vector (0.215, -0.275, 0.4)
Vector (0.215, -0.275, 0.4)
Vector (0.215, 0.275, 0.35)
Vector (0.215, 0.275, 0.35)
Vector (0.215, 0.275, 0.35)
Vector (0.215, 0.275, 0.4)
Vector (0.215, 0.275, 0.4)
Vector (0.215, 0.275, 0.4)
