Parms:
A=4.5
B=6.6
Fr=0.15
Frbody=0.1
H=1.2
Hpe=0.675
Hpph=0.6
Hppl=0.6
K=0.05
L=6.6
P1markIndent=0.02
P1markOffset=0.07
P1markRadius=0.15
Pin1=Gullwing,West,-3.3,2.925
Pin2=Gullwing,West,-3.3,2.275
Pin3=Gullwing,West,-3.3,1.625
Pin4=Gullwing,West,-3.3,0.975
Pin5=Gullwing,West,-3.3,0.325
Pin6=Gullwing,West,-3.3,-0.325
Pin7=Gullwing,West,-3.3,-0.975
Pin8=Gullwing,West,-3.3,-1.625
Pin9=Gullwing,West,-3.3,-2.275
Pin10=Gullwing,West,-3.3,-2.925
Pin11=Gullwing,East,3.3,-2.925
Pin12=Gullwing,East,3.3,-2.275
Pin13=Gullwing,East,3.3,-1.625
Pin14=Gullwing,East,3.3,-0.975
Pin15=Gullwing,East,3.3,-0.325
Pin16=Gullwing,East,3.3,0.325
Pin17=Gullwing,East,3.3,0.975
Pin18=Gullwing,East,3.3,1.625
Pin19=Gullwing,East,3.3,2.275
Pin20=Gullwing,East,3.3,2.925
T=0.75
Tp=0.15
W=0.3
bodyName=Body
colorBody=(0.10000000000000001, 0.10000000000000001, 0.10000000000000001)
colorPin1Mark=(1.0, 1.0, 1.0)
colorPins=(0.80000000000000004, 0.80000000000000004, 0.75)
docName=SOP65P640X120_20N_TI_PW_20_Blk_BLNK_IPC_LPW_TRT1
foo=bar
iniFileName=SOP65P640X120-20N_TI_PW-20_Blk_BLNK_IPC_LPW.ini
logFilePathNameExt=C:/projects/altium-designer-addons/trunk/SPI_Footprint_and_Vault_Scripts/Mechanical_scripts/mechanical/3D-models/SPI_Created/FreeCAD/IC_Gullwing/SOP65P640X120-20N_TI_PW-20_Blk_BLNK_IPC_LPW_TRT1.log
maDeg=12.0
markHeight=0.001
newModelName=SOP65P640X120-20N_TI_PW-20_Blk_BLNK_IPC_LPW
newModelPath=C:/projects/altium-designer-addons/trunk/SPI_Footprint_and_Vault_Scripts/Mechanical_scripts/mechanical/3D-models/SPI_Created/FreeCAD/IC_Gullwing/
newModelPathNameExt=C:/projects/altium-designer-addons/trunk/SPI_Footprint_and_Vault_Scripts/Mechanical_scripts/mechanical/3D-models/SPI_Created/FreeCAD/IC_Gullwing/SOP65P640X120-20N_TI_PW-20_Blk_BLNK_IPC_LPW.FCStd
newStepPathNameExt=C:/projects/altium-designer-addons/trunk/SPI_Footprint_and_Vault_Scripts/Mechanical_scripts/mechanical/3D-models/SPI_Created/FreeCAD/IC_Gullwing/SOP65P640X120-20N_TI_PW-20_Blk_BLNK_IPC_LPW_TRT1.step
pin1MarkName=Pin1Mark
pinName=Pin
stepExt=.step
stepSuffix=_TRT1
suffix=_SvnRev_

Pin1:
Color (0.80000000000000004, 0.80000000000000004, 0.75)
Vector (-2.55, 3.075, 0.75)
Vector (-2.7, 3.075, 0.6)
Vector (-2.55, 2.775, 0.75)
Vector (-2.7, 2.775, 0.6)
Vector (-2.21812, 3.075, 0.75)
Vector (-2.25, 3.075, 0.6)
Vector (-2.505, 3.075, 0.6)
Vector (-2.55, 3.075, 0.555)
Vector (-2.55, 3.075, 0.15)
Vector (-2.7, 3.075, -2.77556e-017)
Vector (-3.3, 3.075, 0)
Vector (-3.3, 3.075, 0.15)
Vector (-2.745, 3.075, 0.15)
Vector (-2.7, 3.075, 0.195)
Vector (-2.7, 3.075, 0.6)
Vector (-2.55, 3.075, 0.75)
Vector (-2.21812, 3.075, 0.75)
Vector (-2.21812, 2.775, 0.75)
Vector (-2.55, 2.775, 0.75)
Vector (-2.55, 3.075, 0.75)
Vector (-2.7, 2.775, 0.6)
Vector (-2.7, 2.775, 0.195)
Vector (-2.7, 3.075, 0.6)
Vector (-2.7, 3.075, 0.195)
Vector (-2.21812, 2.775, 0.75)
Vector (-2.25, 2.775, 0.6)
Vector (-2.505, 2.775, 0.6)
Vector (-2.55, 2.775, 0.555)
Vector (-2.55, 2.775, 0.15)
Vector (-2.7, 2.775, -2.77556e-017)
Vector (-3.3, 2.775, 0)
Vector (-3.3, 2.775, 0.15)
Vector (-2.745, 2.775, 0.15)
Vector (-2.7, 2.775, 0.195)
Vector (-2.7, 2.775, 0.6)
Vector (-2.55, 2.775, 0.75)
Vector (-2.21812, 3.075, 0.75)
Vector (-2.21812, 2.775, 0.75)
Vector (-2.25, 2.775, 0.6)
Vector (-2.25, 3.075, 0.6)
Vector (-2.25, 2.775, 0.6)
Vector (-2.505, 2.775, 0.6)
Vector (-2.505, 3.075, 0.6)
Vector (-2.25, 3.075, 0.6)
Vector (-2.55, 3.075, 0.555)
Vector (-2.505, 3.075, 0.6)
Vector (-2.55, 2.775, 0.555)
Vector (-2.505, 2.775, 0.6)
Vector (-2.55, 3.075, 0.15)
Vector (-2.55, 3.075, 0.555)
Vector (-2.55, 2.775, 0.15)
Vector (-2.55, 2.775, 0.555)
Vector (-2.55, 3.075, 0.15)
Vector (-2.7, 3.075, -2.77556e-017)
Vector (-2.55, 2.775, 0.15)
Vector (-2.7, 2.775, -2.77556e-017)
Vector (-2.7, 2.775, -2.77556e-017)
Vector (-3.3, 2.775, 0)
Vector (-2.7, 3.075, -2.77556e-017)
Vector (-3.3, 3.075, 0)
Vector (-3.3, 2.775, 0)
Vector (-3.3, 2.775, 0.15)
Vector (-3.3, 3.075, 0)
Vector (-3.3, 3.075, 0.15)
Vector (-3.3, 2.775, 0.15)
Vector (-3.3, 3.075, 0.15)
Vector (-2.745, 3.075, 0.15)
Vector (-2.745, 2.775, 0.15)
Vector (-2.745, 3.075, 0.15)
Vector (-2.745, 2.775, 0.15)
Vector (-2.7, 3.075, 0.195)
Vector (-2.7, 2.775, 0.195)

Pin2:
Color (0.80000000000000004, 0.80000000000000004, 0.75)
Vector (-2.55, 2.425, 0.75)
Vector (-2.7, 2.425, 0.6)
Vector (-2.55, 2.125, 0.75)
Vector (-2.7, 2.125, 0.6)
Vector (-2.21812, 2.425, 0.75)
Vector (-2.25, 2.425, 0.6)
Vector (-2.505, 2.425, 0.6)
Vector (-2.55, 2.425, 0.555)
Vector (-2.55, 2.425, 0.15)
Vector (-2.7, 2.425, -2.77556e-017)
Vector (-3.3, 2.425, 0)
Vector (-3.3, 2.425, 0.15)
Vector (-2.745, 2.425, 0.15)
Vector (-2.7, 2.425, 0.195)
Vector (-2.7, 2.425, 0.6)
Vector (-2.55, 2.425, 0.75)
Vector (-2.21812, 2.425, 0.75)
Vector (-2.21812, 2.125, 0.75)
Vector (-2.55, 2.125, 0.75)
Vector (-2.55, 2.425, 0.75)
Vector (-2.7, 2.125, 0.6)
Vector (-2.7, 2.125, 0.195)
Vector (-2.7, 2.425, 0.6)
Vector (-2.7, 2.425, 0.195)
Vector (-2.21812, 2.125, 0.75)
Vector (-2.25, 2.125, 0.6)
Vector (-2.505, 2.125, 0.6)
Vector (-2.55, 2.125, 0.555)
Vector (-2.55, 2.125, 0.15)
Vector (-2.7, 2.125, -2.77556e-017)
Vector (-3.3, 2.125, 0)
Vector (-3.3, 2.125, 0.15)
Vector (-2.745, 2.125, 0.15)
Vector (-2.7, 2.125, 0.195)
Vector (-2.7, 2.125, 0.6)
Vector (-2.55, 2.125, 0.75)
Vector (-2.21812, 2.425, 0.75)
Vector (-2.21812, 2.125, 0.75)
Vector (-2.25, 2.125, 0.6)
Vector (-2.25, 2.425, 0.6)
Vector (-2.25, 2.125, 0.6)
Vector (-2.505, 2.125, 0.6)
Vector (-2.505, 2.425, 0.6)
Vector (-2.25, 2.425, 0.6)
Vector (-2.55, 2.425, 0.555)
Vector (-2.505, 2.425, 0.6)
Vector (-2.55, 2.125, 0.555)
Vector (-2.505, 2.125, 0.6)
Vector (-2.55, 2.425, 0.15)
Vector (-2.55, 2.425, 0.555)
Vector (-2.55, 2.125, 0.15)
Vector (-2.55, 2.125, 0.555)
Vector (-2.55, 2.425, 0.15)
Vector (-2.7, 2.425, -2.77556e-017)
Vector (-2.55, 2.125, 0.15)
Vector (-2.7, 2.125, -2.77556e-017)
Vector (-2.7, 2.125, -2.77556e-017)
Vector (-3.3, 2.125, 0)
Vector (-2.7, 2.425, -2.77556e-017)
Vector (-3.3, 2.425, 0)
Vector (-3.3, 2.125, 0)
Vector (-3.3, 2.125, 0.15)
Vector (-3.3, 2.425, 0)
Vector (-3.3, 2.425, 0.15)
Vector (-3.3, 2.125, 0.15)
Vector (-3.3, 2.425, 0.15)
Vector (-2.745, 2.425, 0.15)
Vector (-2.745, 2.125, 0.15)
Vector (-2.745, 2.425, 0.15)
Vector (-2.745, 2.125, 0.15)
Vector (-2.7, 2.425, 0.195)
Vector (-2.7, 2.125, 0.195)

Pin3:
Color (0.80000000000000004, 0.80000000000000004, 0.75)
Vector (-2.55, 1.775, 0.75)
Vector (-2.7, 1.775, 0.6)
Vector (-2.55, 1.475, 0.75)
Vector (-2.7, 1.475, 0.6)
Vector (-2.21812, 1.775, 0.75)
Vector (-2.25, 1.775, 0.6)
Vector (-2.505, 1.775, 0.6)
Vector (-2.55, 1.775, 0.555)
Vector (-2.55, 1.775, 0.15)
Vector (-2.7, 1.775, -2.77556e-017)
Vector (-3.3, 1.775, 0)
Vector (-3.3, 1.775, 0.15)
Vector (-2.745, 1.775, 0.15)
Vector (-2.7, 1.775, 0.195)
Vector (-2.7, 1.775, 0.6)
Vector (-2.55, 1.775, 0.75)
Vector (-2.21812, 1.775, 0.75)
Vector (-2.21812, 1.475, 0.75)
Vector (-2.55, 1.475, 0.75)
Vector (-2.55, 1.775, 0.75)
Vector (-2.7, 1.475, 0.6)
Vector (-2.7, 1.475, 0.195)
Vector (-2.7, 1.775, 0.6)
Vector (-2.7, 1.775, 0.195)
Vector (-2.21812, 1.475, 0.75)
Vector (-2.25, 1.475, 0.6)
Vector (-2.505, 1.475, 0.6)
Vector (-2.55, 1.475, 0.555)
Vector (-2.55, 1.475, 0.15)
Vector (-2.7, 1.475, -2.77556e-017)
Vector (-3.3, 1.475, 0)
Vector (-3.3, 1.475, 0.15)
Vector (-2.745, 1.475, 0.15)
Vector (-2.7, 1.475, 0.195)
Vector (-2.7, 1.475, 0.6)
Vector (-2.55, 1.475, 0.75)
Vector (-2.21812, 1.775, 0.75)
Vector (-2.21812, 1.475, 0.75)
Vector (-2.25, 1.475, 0.6)
Vector (-2.25, 1.775, 0.6)
Vector (-2.25, 1.475, 0.6)
Vector (-2.505, 1.475, 0.6)
Vector (-2.505, 1.775, 0.6)
Vector (-2.25, 1.775, 0.6)
Vector (-2.55, 1.775, 0.555)
Vector (-2.505, 1.775, 0.6)
Vector (-2.55, 1.475, 0.555)
Vector (-2.505, 1.475, 0.6)
Vector (-2.55, 1.775, 0.15)
Vector (-2.55, 1.775, 0.555)
Vector (-2.55, 1.475, 0.15)
Vector (-2.55, 1.475, 0.555)
Vector (-2.55, 1.775, 0.15)
Vector (-2.7, 1.775, -2.77556e-017)
Vector (-2.55, 1.475, 0.15)
Vector (-2.7, 1.475, -2.77556e-017)
Vector (-2.7, 1.475, -2.77556e-017)
Vector (-3.3, 1.475, 0)
Vector (-2.7, 1.775, -2.77556e-017)
Vector (-3.3, 1.775, 0)
Vector (-3.3, 1.475, 0)
Vector (-3.3, 1.475, 0.15)
Vector (-3.3, 1.775, 0)
Vector (-3.3, 1.775, 0.15)
Vector (-3.3, 1.475, 0.15)
Vector (-3.3, 1.775, 0.15)
Vector (-2.745, 1.775, 0.15)
Vector (-2.745, 1.475, 0.15)
Vector (-2.745, 1.775, 0.15)
Vector (-2.745, 1.475, 0.15)
Vector (-2.7, 1.775, 0.195)
Vector (-2.7, 1.475, 0.195)

Pin4:
Color (0.80000000000000004, 0.80000000000000004, 0.75)
Vector (-2.55, 1.125, 0.75)
Vector (-2.7, 1.125, 0.6)
Vector (-2.55, 0.825, 0.75)
Vector (-2.7, 0.825, 0.6)
Vector (-2.21812, 1.125, 0.75)
Vector (-2.25, 1.125, 0.6)
Vector (-2.505, 1.125, 0.6)
Vector (-2.55, 1.125, 0.555)
Vector (-2.55, 1.125, 0.15)
Vector (-2.7, 1.125, -2.77556e-017)
Vector (-3.3, 1.125, 0)
Vector (-3.3, 1.125, 0.15)
Vector (-2.745, 1.125, 0.15)
Vector (-2.7, 1.125, 0.195)
Vector (-2.7, 1.125, 0.6)
Vector (-2.55, 1.125, 0.75)
Vector (-2.21812, 1.125, 0.75)
Vector (-2.21812, 0.825, 0.75)
Vector (-2.55, 0.825, 0.75)
Vector (-2.55, 1.125, 0.75)
Vector (-2.7, 0.825, 0.6)
Vector (-2.7, 0.825, 0.195)
Vector (-2.7, 1.125, 0.6)
Vector (-2.7, 1.125, 0.195)
Vector (-2.21812, 0.825, 0.75)
Vector (-2.25, 0.825, 0.6)
Vector (-2.505, 0.825, 0.6)
Vector (-2.55, 0.825, 0.555)
Vector (-2.55, 0.825, 0.15)
Vector (-2.7, 0.825, -2.77556e-017)
Vector (-3.3, 0.825, 0)
Vector (-3.3, 0.825, 0.15)
Vector (-2.745, 0.825, 0.15)
Vector (-2.7, 0.825, 0.195)
Vector (-2.7, 0.825, 0.6)
Vector (-2.55, 0.825, 0.75)
Vector (-2.21812, 1.125, 0.75)
Vector (-2.21812, 0.825, 0.75)
Vector (-2.25, 0.825, 0.6)
Vector (-2.25, 1.125, 0.6)
Vector (-2.25, 0.825, 0.6)
Vector (-2.505, 0.825, 0.6)
Vector (-2.505, 1.125, 0.6)
Vector (-2.25, 1.125, 0.6)
Vector (-2.55, 1.125, 0.555)
Vector (-2.505, 1.125, 0.6)
Vector (-2.55, 0.825, 0.555)
Vector (-2.505, 0.825, 0.6)
Vector (-2.55, 1.125, 0.15)
Vector (-2.55, 1.125, 0.555)
Vector (-2.55, 0.825, 0.15)
Vector (-2.55, 0.825, 0.555)
Vector (-2.55, 1.125, 0.15)
Vector (-2.7, 1.125, -2.77556e-017)
Vector (-2.55, 0.825, 0.15)
Vector (-2.7, 0.825, -2.77556e-017)
Vector (-2.7, 0.825, -2.77556e-017)
Vector (-3.3, 0.825, 0)
Vector (-2.7, 1.125, -2.77556e-017)
Vector (-3.3, 1.125, 0)
Vector (-3.3, 0.825, 0)
Vector (-3.3, 0.825, 0.15)
Vector (-3.3, 1.125, 0)
Vector (-3.3, 1.125, 0.15)
Vector (-3.3, 0.825, 0.15)
Vector (-3.3, 1.125, 0.15)
Vector (-2.745, 1.125, 0.15)
Vector (-2.745, 0.825, 0.15)
Vector (-2.745, 1.125, 0.15)
Vector (-2.745, 0.825, 0.15)
Vector (-2.7, 1.125, 0.195)
Vector (-2.7, 0.825, 0.195)

Pin5:
Color (0.80000000000000004, 0.80000000000000004, 0.75)
Vector (-2.55, 0.475, 0.75)
Vector (-2.7, 0.475, 0.6)
Vector (-2.55, 0.175, 0.75)
Vector (-2.7, 0.175, 0.6)
Vector (-2.21812, 0.475, 0.75)
Vector (-2.25, 0.475, 0.6)
Vector (-2.505, 0.475, 0.6)
Vector (-2.55, 0.475, 0.555)
Vector (-2.55, 0.475, 0.15)
Vector (-2.7, 0.475, -2.77556e-017)
Vector (-3.3, 0.475, 0)
Vector (-3.3, 0.475, 0.15)
Vector (-2.745, 0.475, 0.15)
Vector (-2.7, 0.475, 0.195)
Vector (-2.7, 0.475, 0.6)
Vector (-2.55, 0.475, 0.75)
Vector (-2.21812, 0.475, 0.75)
Vector (-2.21812, 0.175, 0.75)
Vector (-2.55, 0.175, 0.75)
Vector (-2.55, 0.475, 0.75)
Vector (-2.7, 0.175, 0.6)
Vector (-2.7, 0.175, 0.195)
Vector (-2.7, 0.475, 0.6)
Vector (-2.7, 0.475, 0.195)
Vector (-2.21812, 0.175, 0.75)
Vector (-2.25, 0.175, 0.6)
Vector (-2.505, 0.175, 0.6)
Vector (-2.55, 0.175, 0.555)
Vector (-2.55, 0.175, 0.15)
Vector (-2.7, 0.175, -2.77556e-017)
Vector (-3.3, 0.175, 0)
Vector (-3.3, 0.175, 0.15)
Vector (-2.745, 0.175, 0.15)
Vector (-2.7, 0.175, 0.195)
Vector (-2.7, 0.175, 0.6)
Vector (-2.55, 0.175, 0.75)
Vector (-2.21812, 0.475, 0.75)
Vector (-2.21812, 0.175, 0.75)
Vector (-2.25, 0.175, 0.6)
Vector (-2.25, 0.475, 0.6)
Vector (-2.25, 0.175, 0.6)
Vector (-2.505, 0.175, 0.6)
Vector (-2.505, 0.475, 0.6)
Vector (-2.25, 0.475, 0.6)
Vector (-2.55, 0.475, 0.555)
Vector (-2.505, 0.475, 0.6)
Vector (-2.55, 0.175, 0.555)
Vector (-2.505, 0.175, 0.6)
Vector (-2.55, 0.475, 0.15)
Vector (-2.55, 0.475, 0.555)
Vector (-2.55, 0.175, 0.15)
Vector (-2.55, 0.175, 0.555)
Vector (-2.55, 0.475, 0.15)
Vector (-2.7, 0.475, -2.77556e-017)
Vector (-2.55, 0.175, 0.15)
Vector (-2.7, 0.175, -2.77556e-017)
Vector (-2.7, 0.175, -2.77556e-017)
Vector (-3.3, 0.175, 0)
Vector (-2.7, 0.475, -2.77556e-017)
Vector (-3.3, 0.475, 0)
Vector (-3.3, 0.175, 0)
Vector (-3.3, 0.175, 0.15)
Vector (-3.3, 0.475, 0)
Vector (-3.3, 0.475, 0.15)
Vector (-3.3, 0.175, 0.15)
Vector (-3.3, 0.475, 0.15)
Vector (-2.745, 0.475, 0.15)
Vector (-2.745, 0.175, 0.15)
Vector (-2.745, 0.475, 0.15)
Vector (-2.745, 0.175, 0.15)
Vector (-2.7, 0.475, 0.195)
Vector (-2.7, 0.175, 0.195)

Pin6:
Color (0.80000000000000004, 0.80000000000000004, 0.75)
Vector (-2.55, -0.175, 0.75)
Vector (-2.7, -0.175, 0.6)
Vector (-2.55, -0.475, 0.75)
Vector (-2.7, -0.475, 0.6)
Vector (-2.21812, -0.175, 0.75)
Vector (-2.25, -0.175, 0.6)
Vector (-2.505, -0.175, 0.6)
Vector (-2.55, -0.175, 0.555)
Vector (-2.55, -0.175, 0.15)
Vector (-2.7, -0.175, -2.77556e-017)
Vector (-3.3, -0.175, 0)
Vector (-3.3, -0.175, 0.15)
Vector (-2.745, -0.175, 0.15)
Vector (-2.7, -0.175, 0.195)
Vector (-2.7, -0.175, 0.6)
Vector (-2.55, -0.175, 0.75)
Vector (-2.21812, -0.175, 0.75)
Vector (-2.21812, -0.475, 0.75)
Vector (-2.55, -0.475, 0.75)
Vector (-2.55, -0.175, 0.75)
Vector (-2.7, -0.475, 0.6)
Vector (-2.7, -0.475, 0.195)
Vector (-2.7, -0.175, 0.6)
Vector (-2.7, -0.175, 0.195)
Vector (-2.21812, -0.475, 0.75)
Vector (-2.25, -0.475, 0.6)
Vector (-2.505, -0.475, 0.6)
Vector (-2.55, -0.475, 0.555)
Vector (-2.55, -0.475, 0.15)
Vector (-2.7, -0.475, -2.77556e-017)
Vector (-3.3, -0.475, 0)
Vector (-3.3, -0.475, 0.15)
Vector (-2.745, -0.475, 0.15)
Vector (-2.7, -0.475, 0.195)
Vector (-2.7, -0.475, 0.6)
Vector (-2.55, -0.475, 0.75)
Vector (-2.21812, -0.175, 0.75)
Vector (-2.21812, -0.475, 0.75)
Vector (-2.25, -0.475, 0.6)
Vector (-2.25, -0.175, 0.6)
Vector (-2.25, -0.475, 0.6)
Vector (-2.505, -0.475, 0.6)
Vector (-2.505, -0.175, 0.6)
Vector (-2.25, -0.175, 0.6)
Vector (-2.55, -0.175, 0.555)
Vector (-2.505, -0.175, 0.6)
Vector (-2.55, -0.475, 0.555)
Vector (-2.505, -0.475, 0.6)
Vector (-2.55, -0.175, 0.15)
Vector (-2.55, -0.175, 0.555)
Vector (-2.55, -0.475, 0.15)
Vector (-2.55, -0.475, 0.555)
Vector (-2.55, -0.175, 0.15)
Vector (-2.7, -0.175, -2.77556e-017)
Vector (-2.55, -0.475, 0.15)
Vector (-2.7, -0.475, -2.77556e-017)
Vector (-2.7, -0.475, -2.77556e-017)
Vector (-3.3, -0.475, 0)
Vector (-2.7, -0.175, -2.77556e-017)
Vector (-3.3, -0.175, 0)
Vector (-3.3, -0.475, 0)
Vector (-3.3, -0.475, 0.15)
Vector (-3.3, -0.175, 0)
Vector (-3.3, -0.175, 0.15)
Vector (-3.3, -0.475, 0.15)
Vector (-3.3, -0.175, 0.15)
Vector (-2.745, -0.175, 0.15)
Vector (-2.745, -0.475, 0.15)
Vector (-2.745, -0.175, 0.15)
Vector (-2.745, -0.475, 0.15)
Vector (-2.7, -0.175, 0.195)
Vector (-2.7, -0.475, 0.195)

Pin7:
Color (0.80000000000000004, 0.80000000000000004, 0.75)
Vector (-2.55, -0.825, 0.75)
Vector (-2.7, -0.825, 0.6)
Vector (-2.55, -1.125, 0.75)
Vector (-2.7, -1.125, 0.6)
Vector (-2.21812, -0.825, 0.75)
Vector (-2.25, -0.825, 0.6)
Vector (-2.505, -0.825, 0.6)
Vector (-2.55, -0.825, 0.555)
Vector (-2.55, -0.825, 0.15)
Vector (-2.7, -0.825, -2.77556e-017)
Vector (-3.3, -0.825, 0)
Vector (-3.3, -0.825, 0.15)
Vector (-2.745, -0.825, 0.15)
Vector (-2.7, -0.825, 0.195)
Vector (-2.7, -0.825, 0.6)
Vector (-2.55, -0.825, 0.75)
Vector (-2.21812, -0.825, 0.75)
Vector (-2.21812, -1.125, 0.75)
Vector (-2.55, -1.125, 0.75)
Vector (-2.55, -0.825, 0.75)
Vector (-2.7, -1.125, 0.6)
Vector (-2.7, -1.125, 0.195)
Vector (-2.7, -0.825, 0.6)
Vector (-2.7, -0.825, 0.195)
Vector (-2.21812, -1.125, 0.75)
Vector (-2.25, -1.125, 0.6)
Vector (-2.505, -1.125, 0.6)
Vector (-2.55, -1.125, 0.555)
Vector (-2.55, -1.125, 0.15)
Vector (-2.7, -1.125, -2.77556e-017)
Vector (-3.3, -1.125, 0)
Vector (-3.3, -1.125, 0.15)
Vector (-2.745, -1.125, 0.15)
Vector (-2.7, -1.125, 0.195)
Vector (-2.7, -1.125, 0.6)
Vector (-2.55, -1.125, 0.75)
Vector (-2.21812, -0.825, 0.75)
Vector (-2.21812, -1.125, 0.75)
Vector (-2.25, -1.125, 0.6)
Vector (-2.25, -0.825, 0.6)
Vector (-2.25, -1.125, 0.6)
Vector (-2.505, -1.125, 0.6)
Vector (-2.505, -0.825, 0.6)
Vector (-2.25, -0.825, 0.6)
Vector (-2.55, -0.825, 0.555)
Vector (-2.505, -0.825, 0.6)
Vector (-2.55, -1.125, 0.555)
Vector (-2.505, -1.125, 0.6)
Vector (-2.55, -0.825, 0.15)
Vector (-2.55, -0.825, 0.555)
Vector (-2.55, -1.125, 0.15)
Vector (-2.55, -1.125, 0.555)
Vector (-2.55, -0.825, 0.15)
Vector (-2.7, -0.825, -2.77556e-017)
Vector (-2.55, -1.125, 0.15)
Vector (-2.7, -1.125, -2.77556e-017)
Vector (-2.7, -1.125, -2.77556e-017)
Vector (-3.3, -1.125, 0)
Vector (-2.7, -0.825, -2.77556e-017)
Vector (-3.3, -0.825, 0)
Vector (-3.3, -1.125, 0)
Vector (-3.3, -1.125, 0.15)
Vector (-3.3, -0.825, 0)
Vector (-3.3, -0.825, 0.15)
Vector (-3.3, -1.125, 0.15)
Vector (-3.3, -0.825, 0.15)
Vector (-2.745, -0.825, 0.15)
Vector (-2.745, -1.125, 0.15)
Vector (-2.745, -0.825, 0.15)
Vector (-2.745, -1.125, 0.15)
Vector (-2.7, -0.825, 0.195)
Vector (-2.7, -1.125, 0.195)

Pin8:
Color (0.80000000000000004, 0.80000000000000004, 0.75)
Vector (-2.55, -1.475, 0.75)
Vector (-2.7, -1.475, 0.6)
Vector (-2.55, -1.775, 0.75)
Vector (-2.7, -1.775, 0.6)
Vector (-2.21812, -1.475, 0.75)
Vector (-2.25, -1.475, 0.6)
Vector (-2.505, -1.475, 0.6)
Vector (-2.55, -1.475, 0.555)
Vector (-2.55, -1.475, 0.15)
Vector (-2.7, -1.475, -2.77556e-017)
Vector (-3.3, -1.475, 0)
Vector (-3.3, -1.475, 0.15)
Vector (-2.745, -1.475, 0.15)
Vector (-2.7, -1.475, 0.195)
Vector (-2.7, -1.475, 0.6)
Vector (-2.55, -1.475, 0.75)
Vector (-2.21812, -1.475, 0.75)
Vector (-2.21812, -1.775, 0.75)
Vector (-2.55, -1.775, 0.75)
Vector (-2.55, -1.475, 0.75)
Vector (-2.7, -1.775, 0.6)
Vector (-2.7, -1.775, 0.195)
Vector (-2.7, -1.475, 0.6)
Vector (-2.7, -1.475, 0.195)
Vector (-2.21812, -1.775, 0.75)
Vector (-2.25, -1.775, 0.6)
Vector (-2.505, -1.775, 0.6)
Vector (-2.55, -1.775, 0.555)
Vector (-2.55, -1.775, 0.15)
Vector (-2.7, -1.775, -2.77556e-017)
Vector (-3.3, -1.775, 0)
Vector (-3.3, -1.775, 0.15)
Vector (-2.745, -1.775, 0.15)
Vector (-2.7, -1.775, 0.195)
Vector (-2.7, -1.775, 0.6)
Vector (-2.55, -1.775, 0.75)
Vector (-2.21812, -1.475, 0.75)
Vector (-2.21812, -1.775, 0.75)
Vector (-2.25, -1.775, 0.6)
Vector (-2.25, -1.475, 0.6)
Vector (-2.25, -1.775, 0.6)
Vector (-2.505, -1.775, 0.6)
Vector (-2.505, -1.475, 0.6)
Vector (-2.25, -1.475, 0.6)
Vector (-2.55, -1.475, 0.555)
Vector (-2.505, -1.475, 0.6)
Vector (-2.55, -1.775, 0.555)
Vector (-2.505, -1.775, 0.6)
Vector (-2.55, -1.475, 0.15)
Vector (-2.55, -1.475, 0.555)
Vector (-2.55, -1.775, 0.15)
Vector (-2.55, -1.775, 0.555)
Vector (-2.55, -1.475, 0.15)
Vector (-2.7, -1.475, -2.77556e-017)
Vector (-2.55, -1.775, 0.15)
Vector (-2.7, -1.775, -2.77556e-017)
Vector (-2.7, -1.775, -2.77556e-017)
Vector (-3.3, -1.775, 0)
Vector (-2.7, -1.475, -2.77556e-017)
Vector (-3.3, -1.475, 0)
Vector (-3.3, -1.775, 0)
Vector (-3.3, -1.775, 0.15)
Vector (-3.3, -1.475, 0)
Vector (-3.3, -1.475, 0.15)
Vector (-3.3, -1.775, 0.15)
Vector (-3.3, -1.475, 0.15)
Vector (-2.745, -1.475, 0.15)
Vector (-2.745, -1.775, 0.15)
Vector (-2.745, -1.475, 0.15)
Vector (-2.745, -1.775, 0.15)
Vector (-2.7, -1.475, 0.195)
Vector (-2.7, -1.775, 0.195)

Pin9:
Color (0.80000000000000004, 0.80000000000000004, 0.75)
Vector (-2.55, -2.125, 0.75)
Vector (-2.7, -2.125, 0.6)
Vector (-2.55, -2.425, 0.75)
Vector (-2.7, -2.425, 0.6)
Vector (-2.21812, -2.125, 0.75)
Vector (-2.25, -2.125, 0.6)
Vector (-2.505, -2.125, 0.6)
Vector (-2.55, -2.125, 0.555)
Vector (-2.55, -2.125, 0.15)
Vector (-2.7, -2.125, -2.77556e-017)
Vector (-3.3, -2.125, 0)
Vector (-3.3, -2.125, 0.15)
Vector (-2.745, -2.125, 0.15)
Vector (-2.7, -2.125, 0.195)
Vector (-2.7, -2.125, 0.6)
Vector (-2.55, -2.125, 0.75)
Vector (-2.21812, -2.125, 0.75)
Vector (-2.21812, -2.425, 0.75)
Vector (-2.55, -2.425, 0.75)
Vector (-2.55, -2.125, 0.75)
Vector (-2.7, -2.425, 0.6)
Vector (-2.7, -2.425, 0.195)
Vector (-2.7, -2.125, 0.6)
Vector (-2.7, -2.125, 0.195)
Vector (-2.21812, -2.425, 0.75)
Vector (-2.25, -2.425, 0.6)
Vector (-2.505, -2.425, 0.6)
Vector (-2.55, -2.425, 0.555)
Vector (-2.55, -2.425, 0.15)
Vector (-2.7, -2.425, -2.77556e-017)
Vector (-3.3, -2.425, 0)
Vector (-3.3, -2.425, 0.15)
Vector (-2.745, -2.425, 0.15)
Vector (-2.7, -2.425, 0.195)
Vector (-2.7, -2.425, 0.6)
Vector (-2.55, -2.425, 0.75)
Vector (-2.21812, -2.125, 0.75)
Vector (-2.21812, -2.425, 0.75)
Vector (-2.25, -2.425, 0.6)
Vector (-2.25, -2.125, 0.6)
Vector (-2.25, -2.425, 0.6)
Vector (-2.505, -2.425, 0.6)
Vector (-2.505, -2.125, 0.6)
Vector (-2.25, -2.125, 0.6)
Vector (-2.55, -2.125, 0.555)
Vector (-2.505, -2.125, 0.6)
Vector (-2.55, -2.425, 0.555)
Vector (-2.505, -2.425, 0.6)
Vector (-2.55, -2.125, 0.15)
Vector (-2.55, -2.125, 0.555)
Vector (-2.55, -2.425, 0.15)
Vector (-2.55, -2.425, 0.555)
Vector (-2.55, -2.125, 0.15)
Vector (-2.7, -2.125, -2.77556e-017)
Vector (-2.55, -2.425, 0.15)
Vector (-2.7, -2.425, -2.77556e-017)
Vector (-2.7, -2.425, -2.77556e-017)
Vector (-3.3, -2.425, 0)
Vector (-2.7, -2.125, -2.77556e-017)
Vector (-3.3, -2.125, 0)
Vector (-3.3, -2.425, 0)
Vector (-3.3, -2.425, 0.15)
Vector (-3.3, -2.125, 0)
Vector (-3.3, -2.125, 0.15)
Vector (-3.3, -2.425, 0.15)
Vector (-3.3, -2.125, 0.15)
Vector (-2.745, -2.125, 0.15)
Vector (-2.745, -2.425, 0.15)
Vector (-2.745, -2.125, 0.15)
Vector (-2.745, -2.425, 0.15)
Vector (-2.7, -2.125, 0.195)
Vector (-2.7, -2.425, 0.195)

Pin10:
Color (0.80000000000000004, 0.80000000000000004, 0.75)
Vector (-2.55, -2.775, 0.75)
Vector (-2.7, -2.775, 0.6)
Vector (-2.55, -3.075, 0.75)
Vector (-2.7, -3.075, 0.6)
Vector (-2.21812, -2.775, 0.75)
Vector (-2.25, -2.775, 0.6)
Vector (-2.505, -2.775, 0.6)
Vector (-2.55, -2.775, 0.555)
Vector (-2.55, -2.775, 0.15)
Vector (-2.7, -2.775, -2.77556e-017)
Vector (-3.3, -2.775, 0)
Vector (-3.3, -2.775, 0.15)
Vector (-2.745, -2.775, 0.15)
Vector (-2.7, -2.775, 0.195)
Vector (-2.7, -2.775, 0.6)
Vector (-2.55, -2.775, 0.75)
Vector (-2.21812, -2.775, 0.75)
Vector (-2.21812, -3.075, 0.75)
Vector (-2.55, -3.075, 0.75)
Vector (-2.55, -2.775, 0.75)
Vector (-2.7, -3.075, 0.6)
Vector (-2.7, -3.075, 0.195)
Vector (-2.7, -2.775, 0.6)
Vector (-2.7, -2.775, 0.195)
Vector (-2.21812, -3.075, 0.75)
Vector (-2.25, -3.075, 0.6)
Vector (-2.505, -3.075, 0.6)
Vector (-2.55, -3.075, 0.555)
Vector (-2.55, -3.075, 0.15)
Vector (-2.7, -3.075, -2.77556e-017)
Vector (-3.3, -3.075, 0)
Vector (-3.3, -3.075, 0.15)
Vector (-2.745, -3.075, 0.15)
Vector (-2.7, -3.075, 0.195)
Vector (-2.7, -3.075, 0.6)
Vector (-2.55, -3.075, 0.75)
Vector (-2.21812, -2.775, 0.75)
Vector (-2.21812, -3.075, 0.75)
Vector (-2.25, -3.075, 0.6)
Vector (-2.25, -2.775, 0.6)
Vector (-2.25, -3.075, 0.6)
Vector (-2.505, -3.075, 0.6)
Vector (-2.505, -2.775, 0.6)
Vector (-2.25, -2.775, 0.6)
Vector (-2.55, -2.775, 0.555)
Vector (-2.505, -2.775, 0.6)
Vector (-2.55, -3.075, 0.555)
Vector (-2.505, -3.075, 0.6)
Vector (-2.55, -2.775, 0.15)
Vector (-2.55, -2.775, 0.555)
Vector (-2.55, -3.075, 0.15)
Vector (-2.55, -3.075, 0.555)
Vector (-2.55, -2.775, 0.15)
Vector (-2.7, -2.775, -2.77556e-017)
Vector (-2.55, -3.075, 0.15)
Vector (-2.7, -3.075, -2.77556e-017)
Vector (-2.7, -3.075, -2.77556e-017)
Vector (-3.3, -3.075, 0)
Vector (-2.7, -2.775, -2.77556e-017)
Vector (-3.3, -2.775, 0)
Vector (-3.3, -3.075, 0)
Vector (-3.3, -3.075, 0.15)
Vector (-3.3, -2.775, 0)
Vector (-3.3, -2.775, 0.15)
Vector (-3.3, -3.075, 0.15)
Vector (-3.3, -2.775, 0.15)
Vector (-2.745, -2.775, 0.15)
Vector (-2.745, -3.075, 0.15)
Vector (-2.745, -2.775, 0.15)
Vector (-2.745, -3.075, 0.15)
Vector (-2.7, -2.775, 0.195)
Vector (-2.7, -3.075, 0.195)

Pin11:
Color (0.80000000000000004, 0.80000000000000004, 0.75)
Vector (2.55, -3.075, 0.75)
Vector (2.7, -3.075, 0.6)
Vector (2.55, -2.775, 0.75)
Vector (2.7, -2.775, 0.6)
Vector (2.21812, -3.075, 0.75)
Vector (2.25, -3.075, 0.6)
Vector (2.505, -3.075, 0.6)
Vector (2.55, -3.075, 0.555)
Vector (2.55, -3.075, 0.15)
Vector (2.7, -3.075, -2.77556e-017)
Vector (3.3, -3.075, 0)
Vector (3.3, -3.075, 0.15)
Vector (2.745, -3.075, 0.15)
Vector (2.7, -3.075, 0.195)
Vector (2.7, -3.075, 0.6)
Vector (2.55, -3.075, 0.75)
Vector (2.21812, -3.075, 0.75)
Vector (2.21812, -2.775, 0.75)
Vector (2.55, -2.775, 0.75)
Vector (2.55, -3.075, 0.75)
Vector (2.7, -2.775, 0.6)
Vector (2.7, -2.775, 0.195)
Vector (2.7, -3.075, 0.6)
Vector (2.7, -3.075, 0.195)
Vector (2.21812, -2.775, 0.75)
Vector (2.25, -2.775, 0.6)
Vector (2.505, -2.775, 0.6)
Vector (2.55, -2.775, 0.555)
Vector (2.55, -2.775, 0.15)
Vector (2.7, -2.775, -2.77556e-017)
Vector (3.3, -2.775, 0)
Vector (3.3, -2.775, 0.15)
Vector (2.745, -2.775, 0.15)
Vector (2.7, -2.775, 0.195)
Vector (2.7, -2.775, 0.6)
Vector (2.55, -2.775, 0.75)
Vector (2.21812, -3.075, 0.75)
Vector (2.21812, -2.775, 0.75)
Vector (2.25, -2.775, 0.6)
Vector (2.25, -3.075, 0.6)
Vector (2.25, -2.775, 0.6)
Vector (2.505, -2.775, 0.6)
Vector (2.505, -3.075, 0.6)
Vector (2.25, -3.075, 0.6)
Vector (2.55, -3.075, 0.555)
Vector (2.505, -3.075, 0.6)
Vector (2.55, -2.775, 0.555)
Vector (2.505, -2.775, 0.6)
Vector (2.55, -3.075, 0.15)
Vector (2.55, -3.075, 0.555)
Vector (2.55, -2.775, 0.15)
Vector (2.55, -2.775, 0.555)
Vector (2.55, -3.075, 0.15)
Vector (2.7, -3.075, -2.77556e-017)
Vector (2.55, -2.775, 0.15)
Vector (2.7, -2.775, -2.77556e-017)
Vector (2.7, -2.775, -2.77556e-017)
Vector (3.3, -2.775, 0)
Vector (2.7, -3.075, -2.77556e-017)
Vector (3.3, -3.075, 0)
Vector (3.3, -2.775, 0)
Vector (3.3, -2.775, 0.15)
Vector (3.3, -3.075, 0)
Vector (3.3, -3.075, 0.15)
Vector (3.3, -2.775, 0.15)
Vector (3.3, -3.075, 0.15)
Vector (2.745, -3.075, 0.15)
Vector (2.745, -2.775, 0.15)
Vector (2.745, -3.075, 0.15)
Vector (2.745, -2.775, 0.15)
Vector (2.7, -3.075, 0.195)
Vector (2.7, -2.775, 0.195)

Pin12:
Color (0.80000000000000004, 0.80000000000000004, 0.75)
Vector (2.55, -2.425, 0.75)
Vector (2.7, -2.425, 0.6)
Vector (2.55, -2.125, 0.75)
Vector (2.7, -2.125, 0.6)
Vector (2.21812, -2.425, 0.75)
Vector (2.25, -2.425, 0.6)
Vector (2.505, -2.425, 0.6)
Vector (2.55, -2.425, 0.555)
Vector (2.55, -2.425, 0.15)
Vector (2.7, -2.425, -2.77556e-017)
Vector (3.3, -2.425, 0)
Vector (3.3, -2.425, 0.15)
Vector (2.745, -2.425, 0.15)
Vector (2.7, -2.425, 0.195)
Vector (2.7, -2.425, 0.6)
Vector (2.55, -2.425, 0.75)
Vector (2.21812, -2.425, 0.75)
Vector (2.21812, -2.125, 0.75)
Vector (2.55, -2.125, 0.75)
Vector (2.55, -2.425, 0.75)
Vector (2.7, -2.125, 0.6)
Vector (2.7, -2.125, 0.195)
Vector (2.7, -2.425, 0.6)
Vector (2.7, -2.425, 0.195)
Vector (2.21812, -2.125, 0.75)
Vector (2.25, -2.125, 0.6)
Vector (2.505, -2.125, 0.6)
Vector (2.55, -2.125, 0.555)
Vector (2.55, -2.125, 0.15)
Vector (2.7, -2.125, -2.77556e-017)
Vector (3.3, -2.125, 0)
Vector (3.3, -2.125, 0.15)
Vector (2.745, -2.125, 0.15)
Vector (2.7, -2.125, 0.195)
Vector (2.7, -2.125, 0.6)
Vector (2.55, -2.125, 0.75)
Vector (2.21812, -2.425, 0.75)
Vector (2.21812, -2.125, 0.75)
Vector (2.25, -2.125, 0.6)
Vector (2.25, -2.425, 0.6)
Vector (2.25, -2.125, 0.6)
Vector (2.505, -2.125, 0.6)
Vector (2.505, -2.425, 0.6)
Vector (2.25, -2.425, 0.6)
Vector (2.55, -2.425, 0.555)
Vector (2.505, -2.425, 0.6)
Vector (2.55, -2.125, 0.555)
Vector (2.505, -2.125, 0.6)
Vector (2.55, -2.425, 0.15)
Vector (2.55, -2.425, 0.555)
Vector (2.55, -2.125, 0.15)
Vector (2.55, -2.125, 0.555)
Vector (2.55, -2.425, 0.15)
Vector (2.7, -2.425, -2.77556e-017)
Vector (2.55, -2.125, 0.15)
Vector (2.7, -2.125, -2.77556e-017)
Vector (2.7, -2.125, -2.77556e-017)
Vector (3.3, -2.125, 0)
Vector (2.7, -2.425, -2.77556e-017)
Vector (3.3, -2.425, 0)
Vector (3.3, -2.125, 0)
Vector (3.3, -2.125, 0.15)
Vector (3.3, -2.425, 0)
Vector (3.3, -2.425, 0.15)
Vector (3.3, -2.125, 0.15)
Vector (3.3, -2.425, 0.15)
Vector (2.745, -2.425, 0.15)
Vector (2.745, -2.125, 0.15)
Vector (2.745, -2.425, 0.15)
Vector (2.745, -2.125, 0.15)
Vector (2.7, -2.425, 0.195)
Vector (2.7, -2.125, 0.195)

Pin13:
Color (0.80000000000000004, 0.80000000000000004, 0.75)
Vector (2.55, -1.775, 0.75)
Vector (2.7, -1.775, 0.6)
Vector (2.55, -1.475, 0.75)
Vector (2.7, -1.475, 0.6)
Vector (2.21812, -1.775, 0.75)
Vector (2.25, -1.775, 0.6)
Vector (2.505, -1.775, 0.6)
Vector (2.55, -1.775, 0.555)
Vector (2.55, -1.775, 0.15)
Vector (2.7, -1.775, -2.77556e-017)
Vector (3.3, -1.775, 0)
Vector (3.3, -1.775, 0.15)
Vector (2.745, -1.775, 0.15)
Vector (2.7, -1.775, 0.195)
Vector (2.7, -1.775, 0.6)
Vector (2.55, -1.775, 0.75)
Vector (2.21812, -1.775, 0.75)
Vector (2.21812, -1.475, 0.75)
Vector (2.55, -1.475, 0.75)
Vector (2.55, -1.775, 0.75)
Vector (2.7, -1.475, 0.6)
Vector (2.7, -1.475, 0.195)
Vector (2.7, -1.775, 0.6)
Vector (2.7, -1.775, 0.195)
Vector (2.21812, -1.475, 0.75)
Vector (2.25, -1.475, 0.6)
Vector (2.505, -1.475, 0.6)
Vector (2.55, -1.475, 0.555)
Vector (2.55, -1.475, 0.15)
Vector (2.7, -1.475, -2.77556e-017)
Vector (3.3, -1.475, 0)
Vector (3.3, -1.475, 0.15)
Vector (2.745, -1.475, 0.15)
Vector (2.7, -1.475, 0.195)
Vector (2.7, -1.475, 0.6)
Vector (2.55, -1.475, 0.75)
Vector (2.21812, -1.775, 0.75)
Vector (2.21812, -1.475, 0.75)
Vector (2.25, -1.475, 0.6)
Vector (2.25, -1.775, 0.6)
Vector (2.25, -1.475, 0.6)
Vector (2.505, -1.475, 0.6)
Vector (2.505, -1.775, 0.6)
Vector (2.25, -1.775, 0.6)
Vector (2.55, -1.775, 0.555)
Vector (2.505, -1.775, 0.6)
Vector (2.55, -1.475, 0.555)
Vector (2.505, -1.475, 0.6)
Vector (2.55, -1.775, 0.15)
Vector (2.55, -1.775, 0.555)
Vector (2.55, -1.475, 0.15)
Vector (2.55, -1.475, 0.555)
Vector (2.55, -1.775, 0.15)
Vector (2.7, -1.775, -2.77556e-017)
Vector (2.55, -1.475, 0.15)
Vector (2.7, -1.475, -2.77556e-017)
Vector (2.7, -1.475, -2.77556e-017)
Vector (3.3, -1.475, 0)
Vector (2.7, -1.775, -2.77556e-017)
Vector (3.3, -1.775, 0)
Vector (3.3, -1.475, 0)
Vector (3.3, -1.475, 0.15)
Vector (3.3, -1.775, 0)
Vector (3.3, -1.775, 0.15)
Vector (3.3, -1.475, 0.15)
Vector (3.3, -1.775, 0.15)
Vector (2.745, -1.775, 0.15)
Vector (2.745, -1.475, 0.15)
Vector (2.745, -1.775, 0.15)
Vector (2.745, -1.475, 0.15)
Vector (2.7, -1.775, 0.195)
Vector (2.7, -1.475, 0.195)

Pin14:
Color (0.80000000000000004, 0.80000000000000004, 0.75)
Vector (2.55, -1.125, 0.75)
Vector (2.7, -1.125, 0.6)
Vector (2.55, -0.825, 0.75)
Vector (2.7, -0.825, 0.6)
Vector (2.21812, -1.125, 0.75)
Vector (2.25, -1.125, 0.6)
Vector (2.505, -1.125, 0.6)
Vector (2.55, -1.125, 0.555)
Vector (2.55, -1.125, 0.15)
Vector (2.7, -1.125, -2.77556e-017)
Vector (3.3, -1.125, 0)
Vector (3.3, -1.125, 0.15)
Vector (2.745, -1.125, 0.15)
Vector (2.7, -1.125, 0.195)
Vector (2.7, -1.125, 0.6)
Vector (2.55, -1.125, 0.75)
Vector (2.21812, -1.125, 0.75)
Vector (2.21812, -0.825, 0.75)
Vector (2.55, -0.825, 0.75)
Vector (2.55, -1.125, 0.75)
Vector (2.7, -0.825, 0.6)
Vector (2.7, -0.825, 0.195)
Vector (2.7, -1.125, 0.6)
Vector (2.7, -1.125, 0.195)
Vector (2.21812, -0.825, 0.75)
Vector (2.25, -0.825, 0.6)
Vector (2.505, -0.825, 0.6)
Vector (2.55, -0.825, 0.555)
Vector (2.55, -0.825, 0.15)
Vector (2.7, -0.825, -2.77556e-017)
Vector (3.3, -0.825, 0)
Vector (3.3, -0.825, 0.15)
Vector (2.745, -0.825, 0.15)
Vector (2.7, -0.825, 0.195)
Vector (2.7, -0.825, 0.6)
Vector (2.55, -0.825, 0.75)
Vector (2.21812, -1.125, 0.75)
Vector (2.21812, -0.825, 0.75)
Vector (2.25, -0.825, 0.6)
Vector (2.25, -1.125, 0.6)
Vector (2.25, -0.825, 0.6)
Vector (2.505, -0.825, 0.6)
Vector (2.505, -1.125, 0.6)
Vector (2.25, -1.125, 0.6)
Vector (2.55, -1.125, 0.555)
Vector (2.505, -1.125, 0.6)
Vector (2.55, -0.825, 0.555)
Vector (2.505, -0.825, 0.6)
Vector (2.55, -1.125, 0.15)
Vector (2.55, -1.125, 0.555)
Vector (2.55, -0.825, 0.15)
Vector (2.55, -0.825, 0.555)
Vector (2.55, -1.125, 0.15)
Vector (2.7, -1.125, -2.77556e-017)
Vector (2.55, -0.825, 0.15)
Vector (2.7, -0.825, -2.77556e-017)
Vector (2.7, -0.825, -2.77556e-017)
Vector (3.3, -0.825, 0)
Vector (2.7, -1.125, -2.77556e-017)
Vector (3.3, -1.125, 0)
Vector (3.3, -0.825, 0)
Vector (3.3, -0.825, 0.15)
Vector (3.3, -1.125, 0)
Vector (3.3, -1.125, 0.15)
Vector (3.3, -0.825, 0.15)
Vector (3.3, -1.125, 0.15)
Vector (2.745, -1.125, 0.15)
Vector (2.745, -0.825, 0.15)
Vector (2.745, -1.125, 0.15)
Vector (2.745, -0.825, 0.15)
Vector (2.7, -1.125, 0.195)
Vector (2.7, -0.825, 0.195)

Pin15:
Color (0.80000000000000004, 0.80000000000000004, 0.75)
Vector (2.55, -0.475, 0.75)
Vector (2.7, -0.475, 0.6)
Vector (2.55, -0.175, 0.75)
Vector (2.7, -0.175, 0.6)
Vector (2.21812, -0.475, 0.75)
Vector (2.25, -0.475, 0.6)
Vector (2.505, -0.475, 0.6)
Vector (2.55, -0.475, 0.555)
Vector (2.55, -0.475, 0.15)
Vector (2.7, -0.475, -2.77556e-017)
Vector (3.3, -0.475, 0)
Vector (3.3, -0.475, 0.15)
Vector (2.745, -0.475, 0.15)
Vector (2.7, -0.475, 0.195)
Vector (2.7, -0.475, 0.6)
Vector (2.55, -0.475, 0.75)
Vector (2.21812, -0.475, 0.75)
Vector (2.21812, -0.175, 0.75)
Vector (2.55, -0.175, 0.75)
Vector (2.55, -0.475, 0.75)
Vector (2.7, -0.175, 0.6)
Vector (2.7, -0.175, 0.195)
Vector (2.7, -0.475, 0.6)
Vector (2.7, -0.475, 0.195)
Vector (2.21812, -0.175, 0.75)
Vector (2.25, -0.175, 0.6)
Vector (2.505, -0.175, 0.6)
Vector (2.55, -0.175, 0.555)
Vector (2.55, -0.175, 0.15)
Vector (2.7, -0.175, -2.77556e-017)
Vector (3.3, -0.175, 0)
Vector (3.3, -0.175, 0.15)
Vector (2.745, -0.175, 0.15)
Vector (2.7, -0.175, 0.195)
Vector (2.7, -0.175, 0.6)
Vector (2.55, -0.175, 0.75)
Vector (2.21812, -0.475, 0.75)
Vector (2.21812, -0.175, 0.75)
Vector (2.25, -0.175, 0.6)
Vector (2.25, -0.475, 0.6)
Vector (2.25, -0.175, 0.6)
Vector (2.505, -0.175, 0.6)
Vector (2.505, -0.475, 0.6)
Vector (2.25, -0.475, 0.6)
Vector (2.55, -0.475, 0.555)
Vector (2.505, -0.475, 0.6)
Vector (2.55, -0.175, 0.555)
Vector (2.505, -0.175, 0.6)
Vector (2.55, -0.475, 0.15)
Vector (2.55, -0.475, 0.555)
Vector (2.55, -0.175, 0.15)
Vector (2.55, -0.175, 0.555)
Vector (2.55, -0.475, 0.15)
Vector (2.7, -0.475, -2.77556e-017)
Vector (2.55, -0.175, 0.15)
Vector (2.7, -0.175, -2.77556e-017)
Vector (2.7, -0.175, -2.77556e-017)
Vector (3.3, -0.175, 0)
Vector (2.7, -0.475, -2.77556e-017)
Vector (3.3, -0.475, 0)
Vector (3.3, -0.175, 0)
Vector (3.3, -0.175, 0.15)
Vector (3.3, -0.475, 0)
Vector (3.3, -0.475, 0.15)
Vector (3.3, -0.175, 0.15)
Vector (3.3, -0.475, 0.15)
Vector (2.745, -0.475, 0.15)
Vector (2.745, -0.175, 0.15)
Vector (2.745, -0.475, 0.15)
Vector (2.745, -0.175, 0.15)
Vector (2.7, -0.475, 0.195)
Vector (2.7, -0.175, 0.195)

Pin16:
Color (0.80000000000000004, 0.80000000000000004, 0.75)
Vector (2.55, 0.175, 0.75)
Vector (2.7, 0.175, 0.6)
Vector (2.55, 0.475, 0.75)
Vector (2.7, 0.475, 0.6)
Vector (2.21812, 0.175, 0.75)
Vector (2.25, 0.175, 0.6)
Vector (2.505, 0.175, 0.6)
Vector (2.55, 0.175, 0.555)
Vector (2.55, 0.175, 0.15)
Vector (2.7, 0.175, -2.77556e-017)
Vector (3.3, 0.175, 0)
Vector (3.3, 0.175, 0.15)
Vector (2.745, 0.175, 0.15)
Vector (2.7, 0.175, 0.195)
Vector (2.7, 0.175, 0.6)
Vector (2.55, 0.175, 0.75)
Vector (2.21812, 0.175, 0.75)
Vector (2.21812, 0.475, 0.75)
Vector (2.55, 0.475, 0.75)
Vector (2.55, 0.175, 0.75)
Vector (2.7, 0.475, 0.6)
Vector (2.7, 0.475, 0.195)
Vector (2.7, 0.175, 0.6)
Vector (2.7, 0.175, 0.195)
Vector (2.21812, 0.475, 0.75)
Vector (2.25, 0.475, 0.6)
Vector (2.505, 0.475, 0.6)
Vector (2.55, 0.475, 0.555)
Vector (2.55, 0.475, 0.15)
Vector (2.7, 0.475, -2.77556e-017)
Vector (3.3, 0.475, 0)
Vector (3.3, 0.475, 0.15)
Vector (2.745, 0.475, 0.15)
Vector (2.7, 0.475, 0.195)
Vector (2.7, 0.475, 0.6)
Vector (2.55, 0.475, 0.75)
Vector (2.21812, 0.175, 0.75)
Vector (2.21812, 0.475, 0.75)
Vector (2.25, 0.475, 0.6)
Vector (2.25, 0.175, 0.6)
Vector (2.25, 0.475, 0.6)
Vector (2.505, 0.475, 0.6)
Vector (2.505, 0.175, 0.6)
Vector (2.25, 0.175, 0.6)
Vector (2.55, 0.175, 0.555)
Vector (2.505, 0.175, 0.6)
Vector (2.55, 0.475, 0.555)
Vector (2.505, 0.475, 0.6)
Vector (2.55, 0.175, 0.15)
Vector (2.55, 0.175, 0.555)
Vector (2.55, 0.475, 0.15)
Vector (2.55, 0.475, 0.555)
Vector (2.55, 0.175, 0.15)
Vector (2.7, 0.175, -2.77556e-017)
Vector (2.55, 0.475, 0.15)
Vector (2.7, 0.475, -2.77556e-017)
Vector (2.7, 0.475, -2.77556e-017)
Vector (3.3, 0.475, 0)
Vector (2.7, 0.175, -2.77556e-017)
Vector (3.3, 0.175, 0)
Vector (3.3, 0.475, 0)
Vector (3.3, 0.475, 0.15)
Vector (3.3, 0.175, 0)
Vector (3.3, 0.175, 0.15)
Vector (3.3, 0.475, 0.15)
Vector (3.3, 0.175, 0.15)
Vector (2.745, 0.175, 0.15)
Vector (2.745, 0.475, 0.15)
Vector (2.745, 0.175, 0.15)
Vector (2.745, 0.475, 0.15)
Vector (2.7, 0.175, 0.195)
Vector (2.7, 0.475, 0.195)

Pin17:
Color (0.80000000000000004, 0.80000000000000004, 0.75)
Vector (2.55, 0.825, 0.75)
Vector (2.7, 0.825, 0.6)
Vector (2.55, 1.125, 0.75)
Vector (2.7, 1.125, 0.6)
Vector (2.21812, 0.825, 0.75)
Vector (2.25, 0.825, 0.6)
Vector (2.505, 0.825, 0.6)
Vector (2.55, 0.825, 0.555)
Vector (2.55, 0.825, 0.15)
Vector (2.7, 0.825, -2.77556e-017)
Vector (3.3, 0.825, 0)
Vector (3.3, 0.825, 0.15)
Vector (2.745, 0.825, 0.15)
Vector (2.7, 0.825, 0.195)
Vector (2.7, 0.825, 0.6)
Vector (2.55, 0.825, 0.75)
Vector (2.21812, 0.825, 0.75)
Vector (2.21812, 1.125, 0.75)
Vector (2.55, 1.125, 0.75)
Vector (2.55, 0.825, 0.75)
Vector (2.7, 1.125, 0.6)
Vector (2.7, 1.125, 0.195)
Vector (2.7, 0.825, 0.6)
Vector (2.7, 0.825, 0.195)
Vector (2.21812, 1.125, 0.75)
Vector (2.25, 1.125, 0.6)
Vector (2.505, 1.125, 0.6)
Vector (2.55, 1.125, 0.555)
Vector (2.55, 1.125, 0.15)
Vector (2.7, 1.125, -2.77556e-017)
Vector (3.3, 1.125, 0)
Vector (3.3, 1.125, 0.15)
Vector (2.745, 1.125, 0.15)
Vector (2.7, 1.125, 0.195)
Vector (2.7, 1.125, 0.6)
Vector (2.55, 1.125, 0.75)
Vector (2.21812, 0.825, 0.75)
Vector (2.21812, 1.125, 0.75)
Vector (2.25, 1.125, 0.6)
Vector (2.25, 0.825, 0.6)
Vector (2.25, 1.125, 0.6)
Vector (2.505, 1.125, 0.6)
Vector (2.505, 0.825, 0.6)
Vector (2.25, 0.825, 0.6)
Vector (2.55, 0.825, 0.555)
Vector (2.505, 0.825, 0.6)
Vector (2.55, 1.125, 0.555)
Vector (2.505, 1.125, 0.6)
Vector (2.55, 0.825, 0.15)
Vector (2.55, 0.825, 0.555)
Vector (2.55, 1.125, 0.15)
Vector (2.55, 1.125, 0.555)
Vector (2.55, 0.825, 0.15)
Vector (2.7, 0.825, -2.77556e-017)
Vector (2.55, 1.125, 0.15)
Vector (2.7, 1.125, -2.77556e-017)
Vector (2.7, 1.125, -2.77556e-017)
Vector (3.3, 1.125, 0)
Vector (2.7, 0.825, -2.77556e-017)
Vector (3.3, 0.825, 0)
Vector (3.3, 1.125, 0)
Vector (3.3, 1.125, 0.15)
Vector (3.3, 0.825, 0)
Vector (3.3, 0.825, 0.15)
Vector (3.3, 1.125, 0.15)
Vector (3.3, 0.825, 0.15)
Vector (2.745, 0.825, 0.15)
Vector (2.745, 1.125, 0.15)
Vector (2.745, 0.825, 0.15)
Vector (2.745, 1.125, 0.15)
Vector (2.7, 0.825, 0.195)
Vector (2.7, 1.125, 0.195)

Pin18:
Color (0.80000000000000004, 0.80000000000000004, 0.75)
Vector (2.55, 1.475, 0.75)
Vector (2.7, 1.475, 0.6)
Vector (2.55, 1.775, 0.75)
Vector (2.7, 1.775, 0.6)
Vector (2.21812, 1.475, 0.75)
Vector (2.25, 1.475, 0.6)
Vector (2.505, 1.475, 0.6)
Vector (2.55, 1.475, 0.555)
Vector (2.55, 1.475, 0.15)
Vector (2.7, 1.475, -2.77556e-017)
Vector (3.3, 1.475, 0)
Vector (3.3, 1.475, 0.15)
Vector (2.745, 1.475, 0.15)
Vector (2.7, 1.475, 0.195)
Vector (2.7, 1.475, 0.6)
Vector (2.55, 1.475, 0.75)
Vector (2.21812, 1.475, 0.75)
Vector (2.21812, 1.775, 0.75)
Vector (2.55, 1.775, 0.75)
Vector (2.55, 1.475, 0.75)
Vector (2.7, 1.775, 0.6)
Vector (2.7, 1.775, 0.195)
Vector (2.7, 1.475, 0.6)
Vector (2.7, 1.475, 0.195)
Vector (2.21812, 1.775, 0.75)
Vector (2.25, 1.775, 0.6)
Vector (2.505, 1.775, 0.6)
Vector (2.55, 1.775, 0.555)
Vector (2.55, 1.775, 0.15)
Vector (2.7, 1.775, -2.77556e-017)
Vector (3.3, 1.775, 0)
Vector (3.3, 1.775, 0.15)
Vector (2.745, 1.775, 0.15)
Vector (2.7, 1.775, 0.195)
Vector (2.7, 1.775, 0.6)
Vector (2.55, 1.775, 0.75)
Vector (2.21812, 1.475, 0.75)
Vector (2.21812, 1.775, 0.75)
Vector (2.25, 1.775, 0.6)
Vector (2.25, 1.475, 0.6)
Vector (2.25, 1.775, 0.6)
Vector (2.505, 1.775, 0.6)
Vector (2.505, 1.475, 0.6)
Vector (2.25, 1.475, 0.6)
Vector (2.55, 1.475, 0.555)
Vector (2.505, 1.475, 0.6)
Vector (2.55, 1.775, 0.555)
Vector (2.505, 1.775, 0.6)
Vector (2.55, 1.475, 0.15)
Vector (2.55, 1.475, 0.555)
Vector (2.55, 1.775, 0.15)
Vector (2.55, 1.775, 0.555)
Vector (2.55, 1.475, 0.15)
Vector (2.7, 1.475, -2.77556e-017)
Vector (2.55, 1.775, 0.15)
Vector (2.7, 1.775, -2.77556e-017)
Vector (2.7, 1.775, -2.77556e-017)
Vector (3.3, 1.775, 0)
Vector (2.7, 1.475, -2.77556e-017)
Vector (3.3, 1.475, 0)
Vector (3.3, 1.775, 0)
Vector (3.3, 1.775, 0.15)
Vector (3.3, 1.475, 0)
Vector (3.3, 1.475, 0.15)
Vector (3.3, 1.775, 0.15)
Vector (3.3, 1.475, 0.15)
Vector (2.745, 1.475, 0.15)
Vector (2.745, 1.775, 0.15)
Vector (2.745, 1.475, 0.15)
Vector (2.745, 1.775, 0.15)
Vector (2.7, 1.475, 0.195)
Vector (2.7, 1.775, 0.195)

Pin19:
Color (0.80000000000000004, 0.80000000000000004, 0.75)
Vector (2.55, 2.125, 0.75)
Vector (2.7, 2.125, 0.6)
Vector (2.55, 2.425, 0.75)
Vector (2.7, 2.425, 0.6)
Vector (2.21812, 2.125, 0.75)
Vector (2.25, 2.125, 0.6)
Vector (2.505, 2.125, 0.6)
Vector (2.55, 2.125, 0.555)
Vector (2.55, 2.125, 0.15)
Vector (2.7, 2.125, -2.77556e-017)
Vector (3.3, 2.125, 0)
Vector (3.3, 2.125, 0.15)
Vector (2.745, 2.125, 0.15)
Vector (2.7, 2.125, 0.195)
Vector (2.7, 2.125, 0.6)
Vector (2.55, 2.125, 0.75)
Vector (2.21812, 2.125, 0.75)
Vector (2.21812, 2.425, 0.75)
Vector (2.55, 2.425, 0.75)
Vector (2.55, 2.125, 0.75)
Vector (2.7, 2.425, 0.6)
Vector (2.7, 2.425, 0.195)
Vector (2.7, 2.125, 0.6)
Vector (2.7, 2.125, 0.195)
Vector (2.21812, 2.425, 0.75)
Vector (2.25, 2.425, 0.6)
Vector (2.505, 2.425, 0.6)
Vector (2.55, 2.425, 0.555)
Vector (2.55, 2.425, 0.15)
Vector (2.7, 2.425, -2.77556e-017)
Vector (3.3, 2.425, 0)
Vector (3.3, 2.425, 0.15)
Vector (2.745, 2.425, 0.15)
Vector (2.7, 2.425, 0.195)
Vector (2.7, 2.425, 0.6)
Vector (2.55, 2.425, 0.75)
Vector (2.21812, 2.125, 0.75)
Vector (2.21812, 2.425, 0.75)
Vector (2.25, 2.425, 0.6)
Vector (2.25, 2.125, 0.6)
Vector (2.25, 2.425, 0.6)
Vector (2.505, 2.425, 0.6)
Vector (2.505, 2.125, 0.6)
Vector (2.25, 2.125, 0.6)
Vector (2.55, 2.125, 0.555)
Vector (2.505, 2.125, 0.6)
Vector (2.55, 2.425, 0.555)
Vector (2.505, 2.425, 0.6)
Vector (2.55, 2.125, 0.15)
Vector (2.55, 2.125, 0.555)
Vector (2.55, 2.425, 0.15)
Vector (2.55, 2.425, 0.555)
Vector (2.55, 2.125, 0.15)
Vector (2.7, 2.125, -2.77556e-017)
Vector (2.55, 2.425, 0.15)
Vector (2.7, 2.425, -2.77556e-017)
Vector (2.7, 2.425, -2.77556e-017)
Vector (3.3, 2.425, 0)
Vector (2.7, 2.125, -2.77556e-017)
Vector (3.3, 2.125, 0)
Vector (3.3, 2.425, 0)
Vector (3.3, 2.425, 0.15)
Vector (3.3, 2.125, 0)
Vector (3.3, 2.125, 0.15)
Vector (3.3, 2.425, 0.15)
Vector (3.3, 2.125, 0.15)
Vector (2.745, 2.125, 0.15)
Vector (2.745, 2.425, 0.15)
Vector (2.745, 2.125, 0.15)
Vector (2.745, 2.425, 0.15)
Vector (2.7, 2.125, 0.195)
Vector (2.7, 2.425, 0.195)

Pin20:
Color (0.80000000000000004, 0.80000000000000004, 0.75)
Vector (2.55, 2.775, 0.75)
Vector (2.7, 2.775, 0.6)
Vector (2.55, 3.075, 0.75)
Vector (2.7, 3.075, 0.6)
Vector (2.21812, 2.775, 0.75)
Vector (2.25, 2.775, 0.6)
Vector (2.505, 2.775, 0.6)
Vector (2.55, 2.775, 0.555)
Vector (2.55, 2.775, 0.15)
Vector (2.7, 2.775, -2.77556e-017)
Vector (3.3, 2.775, 0)
Vector (3.3, 2.775, 0.15)
Vector (2.745, 2.775, 0.15)
Vector (2.7, 2.775, 0.195)
Vector (2.7, 2.775, 0.6)
Vector (2.55, 2.775, 0.75)
Vector (2.21812, 2.775, 0.75)
Vector (2.21812, 3.075, 0.75)
Vector (2.55, 3.075, 0.75)
Vector (2.55, 2.775, 0.75)
Vector (2.7, 3.075, 0.6)
Vector (2.7, 3.075, 0.195)
Vector (2.7, 2.775, 0.6)
Vector (2.7, 2.775, 0.195)
Vector (2.21812, 3.075, 0.75)
Vector (2.25, 3.075, 0.6)
Vector (2.505, 3.075, 0.6)
Vector (2.55, 3.075, 0.555)
Vector (2.55, 3.075, 0.15)
Vector (2.7, 3.075, -2.77556e-017)
Vector (3.3, 3.075, 0)
Vector (3.3, 3.075, 0.15)
Vector (2.745, 3.075, 0.15)
Vector (2.7, 3.075, 0.195)
Vector (2.7, 3.075, 0.6)
Vector (2.55, 3.075, 0.75)
Vector (2.21812, 2.775, 0.75)
Vector (2.21812, 3.075, 0.75)
Vector (2.25, 3.075, 0.6)
Vector (2.25, 2.775, 0.6)
Vector (2.25, 3.075, 0.6)
Vector (2.505, 3.075, 0.6)
Vector (2.505, 2.775, 0.6)
Vector (2.25, 2.775, 0.6)
Vector (2.55, 2.775, 0.555)
Vector (2.505, 2.775, 0.6)
Vector (2.55, 3.075, 0.555)
Vector (2.505, 3.075, 0.6)
Vector (2.55, 2.775, 0.15)
Vector (2.55, 2.775, 0.555)
Vector (2.55, 3.075, 0.15)
Vector (2.55, 3.075, 0.555)
Vector (2.55, 2.775, 0.15)
Vector (2.7, 2.775, -2.77556e-017)
Vector (2.55, 3.075, 0.15)
Vector (2.7, 3.075, -2.77556e-017)
Vector (2.7, 3.075, -2.77556e-017)
Vector (3.3, 3.075, 0)
Vector (2.7, 2.775, -2.77556e-017)
Vector (3.3, 2.775, 0)
Vector (3.3, 3.075, 0)
Vector (3.3, 3.075, 0.15)
Vector (3.3, 2.775, 0)
Vector (3.3, 2.775, 0.15)
Vector (3.3, 3.075, 0.15)
Vector (3.3, 2.775, 0.15)
Vector (2.745, 2.775, 0.15)
Vector (2.745, 3.075, 0.15)
Vector (2.745, 2.775, 0.15)
Vector (2.745, 3.075, 0.15)
Vector (2.7, 2.775, 0.195)
Vector (2.7, 3.075, 0.195)

Body:
Color (0.10000000000000001, 0.10000000000000001, 0.10000000000000001)
Vector (2.14993, -3.19993, 0.129209)
Vector (2.25, -3.3, 0.6)
Vector (2.14993, 3.19993, 0.129209)
Vector (2.25, 3.3, 0.6)
Vector (2.14993, -3.19993, 0.129209)
Vector (2.25, -3.3, 0.6)
Vector (-2.14993, -3.19993, 0.129209)
Vector (-2.25, -3.3, 0.6)
Vector (2.14993, -3.19993, 0.129209)
Vector (2.05212, -3.10212, 0.05)
Vector (2.14993, 3.19993, 0.129209)
Vector (2.05212, 3.10212, 0.05)
Vector (2.25, -3.3, 0.6)
Vector (2.12247, -3.17247, 1.2)
Vector (2.25, 3.3, 0.6)
Vector (2.12247, 3.17247, 1.2)
Vector (2.14993, 3.19993, 0.129209)
Vector (2.25, 3.3, 0.6)
Vector (-2.14993, 3.19993, 0.129209)
Vector (-2.25, 3.3, 0.6)
Vector (-2.14993, -3.19993, 0.129209)
Vector (-2.05212, -3.10212, 0.05)
Vector (2.14993, -3.19993, 0.129209)
Vector (2.05212, -3.10212, 0.05)
Vector (2.25, -3.3, 0.6)
Vector (-2.25, -3.3, 0.6)
Vector (-2.14993, 3.19993, 0.129209)
Vector (-2.25, 3.3, 0.6)
Vector (-2.14993, -3.19993, 0.129209)
Vector (-2.25, -3.3, 0.6)
Vector (2.05212, -3.10212, 0.05)
Vector (2.05212, 3.10212, 0.05)
Vector (-2.05212, -3.10212, 0.05)
Vector (-2.05212, 3.10212, 0.05)
Vector (2.14993, 3.19993, 0.129209)
Vector (2.05212, 3.10212, 0.05)
Vector (-2.14993, 3.19993, 0.129209)
Vector (-2.05212, 3.10212, 0.05)
Vector (-2.12247, -3.17247, 1.2)
Vector (2.12247, -3.17247, 1.2)
Vector (-2.25, -3.3, 0.6)
Vector (2.25, -3.3, 0.6)
Vector (-1.65247, 2.85247, 1.2)
Vector (-1.80247, 2.70247, 1.2)
Vector (2.12247, 3.17247, 1.2)
Vector (-2.12247, 3.17247, 1.2)
Vector (2.12247, -3.17247, 1.2)
Vector (-2.12247, -3.17247, 1.2)
Vector (-2.25, 3.3, 0.6)
Vector (2.25, 3.3, 0.6)
Vector (-2.12247, 3.17247, 1.2)
Vector (2.12247, 3.17247, 1.2)
Vector (-2.05212, 3.10212, 0.05)
Vector (-2.14993, 3.19993, 0.129209)
Vector (-2.05212, -3.10212, 0.05)
Vector (-2.14993, -3.19993, 0.129209)
Vector (-2.25, 3.3, 0.6)
Vector (-2.12247, 3.17247, 1.2)
Vector (-2.25, -3.3, 0.6)
Vector (-2.12247, -3.17247, 1.2)
Vector (-1.65247, 2.85247, 1.18)
Vector (-1.65247, 2.85247, 1.2)
Vector (-1.80247, 2.70247, 1.2)
Vector (-1.65247, 2.85247, 1.18)

Pin1Mark:
Color (1.0, 1.0, 1.0)
Vector (-1.65247, 2.85247, 1.181)
Vector (-1.65247, 2.85247, 1.18)
Vector (-1.65247, 2.85247, 1.181)
Vector (-1.65247, 2.85247, 1.18)
